<?xml version="1.0" encoding="UTF-8"?>
<testng-results ignored="0" total="1" passed="1" failed="0" skipped="0">
  <reporter-output>
  </reporter-output>
  <suite started-at="2025-03-23T16:47:42 IST" name="Suite" finished-at="2025-03-23T16:48:00 IST" duration-ms="18851">
    <groups>
    </groups>
    <test started-at="2025-03-23T16:47:42 IST" name="Test" finished-at="2025-03-23T16:48:00 IST" duration-ms="18851">
      <class name="com.BikeRentalManagement.AdminLogin.AdminLoginTest">
        <test-method is-config="true" signature="browserConfigurations()[pri:0, instance:com.BikeRentalManagement.AdminLogin.AdminLoginTest@a1153bc]" started-at="2025-03-23T16:47:42 IST" name="browserConfigurations" finished-at="2025-03-23T16:47:58 IST" duration-ms="16292" status="PASS">
          <reporter-output>
          </reporter-output>
        </test-method> <!-- browserConfigurations -->
        <test-method is-config="true" signature="login()[pri:0, instance:com.BikeRentalManagement.AdminLogin.AdminLoginTest@a1153bc]" started-at="2025-03-23T16:47:58 IST" name="login" finished-at="2025-03-23T16:47:59 IST" duration-ms="1256" status="PASS">
          <reporter-output>
          </reporter-output>
        </test-method> <!-- login -->
        <test-method signature="adminLoginTest()[pri:0, instance:com.BikeRentalManagement.AdminLogin.AdminLoginTest@a1153bc]" started-at="2025-03-23T16:47:59 IST" name="adminLoginTest" finished-at="2025-03-23T16:47:59 IST" duration-ms="9" status="PASS">
          <reporter-output>
          </reporter-output>
        </test-method> <!-- adminLoginTest -->
        <test-method is-config="true" signature="closeBrowser()[pri:0, instance:com.BikeRentalManagement.AdminLogin.AdminLoginTest@a1153bc]" started-at="2025-03-23T16:47:59 IST" name="closeBrowser" finished-at="2025-03-23T16:48:00 IST" duration-ms="1186" status="PASS">
          <reporter-output>
          </reporter-output>
        </test-method> <!-- closeBrowser -->
      </class> <!-- com.BikeRentalManagement.AdminLogin.AdminLoginTest -->
    </test> <!-- Test -->
  </suite> <!-- Suite -->
</testng-results>
